<?xml version="1.0" encoding="UTF-8"?>
<!-- Generated by org.testng.reporters.JUnitReportReporter -->
<testsuite hostname="DESKTOP-0RB8TF1" failures="0" tests="1" name="tests.DELETE_request" time="7.141" errors="0" timestamp="2022-03-14T17:22:33 GMT" skipped="0">
  <testcase classname="tests.DELETE_request" name="testDELETE" time="7.141"/>
  <system-out/>
</testsuite> <!-- tests.DELETE_request -->
