<?xml version="1.0" encoding="UTF-8"?>
<!-- Generated by org.testng.reporters.JUnitReportReporter -->
<testsuite hostname="DESKTOP-0RB8TF1" failures="0" tests="7" name="tests.Demo1" time="15.066" errors="0" timestamp="2022-03-08T18:19:26 GMT" skipped="0">
  <testcase classname="tests.Demo1" name="listResources" time="0.717"/>
  <system-out/>
  <testcase classname="tests.Demo1" name="singleUser" time="0.654"/>
  <system-out/>
  <testcase classname="tests.Demo1" name="singleResources" time="0.665"/>
  <system-out/>
  <testcase classname="tests.Demo1" name="delayedResponce" time="10.995"/>
  <system-out/>
  <testcase classname="tests.Demo1" name="listuser" time="0.703"/>
  <system-out/>
  <testcase classname="tests.Demo1" name="notFoundSingleResource" time="0.673"/>
  <system-out/>
  <testcase classname="tests.Demo1" name="notFound" time="0.659"/>
  <system-out/>
</testsuite> <!-- tests.Demo1 -->
