<?xml version="1.0" encoding="UTF-8"?>
<!-- Generated by org.testng.reporters.JUnitReportReporter -->
<testsuite hostname="DESKTOP-0RB8TF1" failures="0" tests="1" name="tests.PATCH_request" time="4.988" errors="0" timestamp="2022-03-14T12:26:01 GMT" skipped="0">
  <testcase classname="tests.PATCH_request" name="testPATCH" time="4.988"/>
  <system-out/>
</testsuite> <!-- tests.PATCH_request -->
