<?xml version="1.0" encoding="UTF-8"?>
<!-- Generated by org.testng.reporters.JUnitReportReporter -->
<testsuite hostname="DESKTOP-0RB8TF1" failures="0" tests="1" name="test.Local_API.SoapXMLRequest" time="5.375" errors="0" timestamp="2022-03-17T12:47:31 IST" skipped="0">
  <testcase classname="test.Local_API.SoapXMLRequest" name="validateSoapXML" time="5.375"/>
  <system-out/>
</testsuite> <!-- test.Local_API.SoapXMLRequest -->
