<?xml version="1.0" encoding="UTF-8"?>
<!-- Generated by org.testng.reporters.JUnitReportReporter -->
<testsuite hostname="DESKTOP-0RB8TF1" failures="0" tests="7" name="tests.POST_request" time="9.501" errors="0" timestamp="2022-03-11T18:49:49 GMT" skipped="0">
  <testcase classname="tests.POST_request" name="testPOSTLoginUnsuccessful" time="0.529"/>
  <system-out/>
  <testcase classname="tests.POST_request" name="testPOSTRegisterUnsuccessful" time="0.609"/>
  <system-out/>
  <testcase classname="tests.POST_request" name="testGET" time="6.556"/>
  <system-out/>
  <testcase classname="tests.POST_request" name="testPOST" time="0.005"/>
  <system-out/>
  <testcase classname="tests.POST_request" name="testPOSTRegisterSuccessful" time="0.508"/>
  <system-out/>
  <testcase classname="tests.POST_request" name="testGETAndPOST" time="0.737"/>
  <system-out/>
  <testcase classname="tests.POST_request" name="testPOSTLoginSuccessful" time="0.557"/>
  <system-out/>
</testsuite> <!-- tests.POST_request -->
