<?xml version="1.0" encoding="UTF-8"?>
<!-- Generated by org.testng.reporters.JUnitReportReporter -->
<testsuite hostname="DESKTOP-0RB8TF1" failures="0" tests="1" name="test.Local_API.testDELETE" time="3.324" errors="0" timestamp="2022-03-15T17:49:12 GMT" skipped="0">
  <testcase classname="test.Local_API.testDELETE" name="DELETE" time="3.324"/>
  <system-out/>
</testsuite> <!-- test.Local_API.testDELETE -->
