<?xml version="1.0" encoding="UTF-8"?>
<!-- Generated by org.testng.reporters.JUnitReportReporter -->
<testsuite hostname="DESKTOP-0RB8TF1" failures="0" tests="1" name="tests.PUT_request" time="6.344" errors="0" timestamp="2022-03-14T12:16:44 GMT" skipped="0">
  <testcase classname="tests.PUT_request" name="testPUTrequest" time="6.344"/>
  <system-out/>
</testsuite> <!-- tests.PUT_request -->
