<?xml version="1.0" encoding="UTF-8"?>
<!-- Generated by org.testng.reporters.JUnitReportReporter -->
<testsuite hostname="DESKTOP-0RB8TF1" failures="0" tests="3" name="tests.testsExamples" time="8.293" errors="0" timestamp="2022-03-08T17:21:59 GMT" skipped="0">
  <testcase classname="tests.testsExamples" name="test_2" time="2.567"/>
  <system-out/>
  <testcase classname="tests.testsExamples" name="test_3" time="0.638"/>
  <system-out/>
  <testcase classname="tests.testsExamples" name="test_1" time="5.088"/>
  <system-out/>
</testsuite> <!-- tests.testsExamples -->
