<?xml version="1.0" encoding="UTF-8"?>
<!-- Generated by org.testng.reporters.JUnitReportReporter -->
<testsuite hostname="DESKTOP-0RB8TF1" failures="0" tests="7" name="tests.GET_Request" time="14.478" errors="0" timestamp="2022-03-11T14:44:40 GMT" skipped="0">
  <testcase classname="tests.GET_Request" name="listResources" time="0.779"/>
  <system-out/>
  <testcase classname="tests.GET_Request" name="singleUser" time="0.622"/>
  <system-out/>
  <testcase classname="tests.GET_Request" name="singleResources" time="0.745"/>
  <system-out/>
  <testcase classname="tests.GET_Request" name="delayedResponce" time="10.224"/>
  <system-out/>
  <testcase classname="tests.GET_Request" name="listuser" time="0.719"/>
  <system-out/>
  <testcase classname="tests.GET_Request" name="notFoundSingleResource" time="0.741"/>
  <system-out/>
  <testcase classname="tests.GET_Request" name="notFound" time="0.648"/>
  <system-out/>
</testsuite> <!-- tests.GET_Request -->
